  Lab11TD.cpp
C:\Users\Kreativ\source\repos\Lab11TD\Lab11TD\Lab11TD.cpp(462,23): warning C4018: "<": niezgodność typu ze znakiem/bez znaku
C:\Users\Kreativ\source\repos\Lab11TD\Lab11TD\Lab11TD.cpp(485,23): warning C4018: "<": niezgodność typu ze znakiem/bez znaku
C:\Users\Kreativ\source\repos\Lab11TD\Lab11TD\Lab11TD.cpp(496,25): warning C4244: "=": konwersja z "double" do "int", możliwa utrata danych
C:\Users\Kreativ\source\repos\Lab11TD\Lab11TD\Lab11TD.cpp(497,25): warning C4244: "=": konwersja z "double" do "int", możliwa utrata danych
C:\Users\Kreativ\source\repos\Lab11TD\Lab11TD\Lab11TD.cpp(498,25): warning C4244: "=": konwersja z "double" do "int", możliwa utrata danych
C:\Users\Kreativ\source\repos\Lab11TD\Lab11TD\Lab11TD.cpp(499,25): warning C4244: "=": konwersja z "double" do "int", możliwa utrata danych
C:\Users\Kreativ\source\repos\Lab11TD\Lab11TD\Lab11TD.cpp(515,23): warning C4018: "<": niezgodność typu ze znakiem/bez znaku
C:\Users\Kreativ\source\repos\Lab11TD\Lab11TD\Lab11TD.cpp(533,23): warning C4018: "<": niezgodność typu ze znakiem/bez znaku
C:\Users\Kreativ\source\repos\Lab11TD\Lab11TD\Lab11TD.cpp(549,29): warning C4244: "argument": konwersja z "double" do "_Ty", możliwa utrata danych
          with
          [
              _Ty=int
          ]
C:\Users\Kreativ\source\repos\Lab11TD\Lab11TD\Lab11TD.cpp(550,29): warning C4244: "argument": konwersja z "double" do "_Ty", możliwa utrata danych
          with
          [
              _Ty=int
          ]
C:\Users\Kreativ\source\repos\Lab11TD\Lab11TD\Lab11TD.cpp(551,29): warning C4244: "argument": konwersja z "double" do "_Ty", możliwa utrata danych
          with
          [
              _Ty=int
          ]
C:\Users\Kreativ\source\repos\Lab11TD\Lab11TD\Lab11TD.cpp(554,23): warning C4018: "<": niezgodność typu ze znakiem/bez znaku
C:\Users\Kreativ\source\repos\Lab11TD\Lab11TD\Lab11TD.cpp(562,23): warning C4018: "<": niezgodność typu ze znakiem/bez znaku
C:\Users\Kreativ\source\repos\Lab11TD\Lab11TD\Lab11TD.cpp(569,23): warning C4018: "<": niezgodność typu ze znakiem/bez znaku
C:\Users\Kreativ\source\repos\Lab11TD\Lab11TD\Lab11TD.cpp(576,23): warning C4018: "<": niezgodność typu ze znakiem/bez znaku
C:\Users\Kreativ\source\repos\Lab11TD\Lab11TD\Lab11TD.cpp(585,23): warning C4018: "<": niezgodność typu ze znakiem/bez znaku
C:\Users\Kreativ\source\repos\Lab11TD\Lab11TD\Lab11TD.cpp(594,23): warning C4018: "<": niezgodność typu ze znakiem/bez znaku
C:\Users\Kreativ\source\repos\Lab11TD\Lab11TD\Lab11TD.cpp(601,23): warning C4018: "<": niezgodność typu ze znakiem/bez znaku
C:\Users\Kreativ\source\repos\Lab11TD\Lab11TD\Lab11TD.cpp(610,23): warning C4018: "<": niezgodność typu ze znakiem/bez znaku
C:\Users\Kreativ\source\repos\Lab11TD\Lab11TD\Lab11TD.cpp(617,23): warning C4018: "<": niezgodność typu ze znakiem/bez znaku
C:\Users\Kreativ\source\repos\Lab11TD\Lab11TD\Lab11TD.cpp(625,23): warning C4018: "<": niezgodność typu ze znakiem/bez znaku
  Lab11TD.vcxproj -> C:\Users\Kreativ\source\repos\Lab11TD\Debug\Lab11TD.exe
